<?xml version="1.0" encoding="UTF-8"?>
<testsuite xmlns:xsi="http://www.w3.org/2001/XMLSchema-instance" xsi:noNamespaceSchemaLocation="https://maven.apache.org/surefire/maven-surefire-plugin/xsd/surefire-test-report.xsd" version="3.0.2" name="com.swa.payment_service.PaymentServiceApplicationTests" time="8.462" tests="1" errors="0" skipped="0" failures="0">
  <properties>
[...]
</properties>
  <testcase name="contextLoads" classname="com.swa.payment_service.PaymentServiceApplicationTests" time="0.668">
    <system-out><![CDATA[16:28:26.392 [main] INFO org.springframework.test.context.support.AnnotationConfigContextLoaderUtils -- Could not detect default configuration classes for test class [com.swa.payment_service.PaymentServiceApplicationTests]: PaymentServiceApplicationTests does not declare any static, non-private, non-final, nested classes annotated with @Configuration.
16:28:26.643 [main] INFO org.springframework.boot.test.context.SpringBootTestContextBootstrapper -- Found @SpringBootConfiguration com.swa.payment_service.PaymentServiceApplication for test class com.swa.payment_service.PaymentServiceApplicationTests

  .   ____          _            __ _ _
 /\\ / ___'_ __ _ _(_)_ __  __ _ \ \ \ \
( ( )\___ | '_ | '_| | '_ \/ _` | \ \ \ \
 \\/  ___)| |_)| | | | | || (_| |  ) ) ) )
  '  |____| .__|_| |_|_| |_\__, | / / / /
 =========|_|==============|___/=/_/_/_/

 :: Spring Boot ::                (v3.5.6)

2025-10-18T16:28:27.631+07:00  INFO 15500 --- [payment-service] [           main] c.s.p.PaymentServiceApplicationTests     : Starting PaymentServiceApplicationTests using Java 17.0.10 with PID 15500 (started by LENOVO in D:\test\springboot-kafka-microservices\springboot-kafka-microservices\payment-service)
2025-10-18T16:28:27.634+07:00  INFO 15500 --- [payment-service] [           main] c.s.p.PaymentServiceApplicationTests     : No active profile set, falling back to 1 default profile: "default"
2025-10-18T16:28:29.202+07:00  INFO 15500 --- [payment-service] [           main] .s.d.r.c.RepositoryConfigurationDelegate : Bootstrapping Spring Data JPA repositories in DEFAULT mode.
2025-10-18T16:28:29.262+07:00  INFO 15500 --- [payment-service] [           main] .s.d.r.c.RepositoryConfigurationDelegate : Finished Spring Data repository scanning in 30 ms. Found 0 JPA repository interfaces.
2025-10-18T16:28:30.111+07:00  INFO 15500 --- [payment-service] [           main] com.zaxxer.hikari.HikariDataSource       : HikariPool-1 - Starting...
2025-10-18T16:28:30.678+07:00  INFO 15500 --- [payment-service] [           main] com.zaxxer.hikari.pool.HikariPool        : HikariPool-1 - Added connection org.postgresql.jdbc.PgConnection@713a35c5
2025-10-18T16:28:30.680+07:00  INFO 15500 --- [payment-service] [           main] com.zaxxer.hikari.HikariDataSource       : HikariPool-1 - Start completed.
2025-10-18T16:28:30.752+07:00  INFO 15500 --- [payment-service] [           main] o.hibernate.jpa.internal.util.LogHelper  : HHH000204: Processing PersistenceUnitInfo [name: default]
2025-10-18T16:28:30.923+07:00  INFO 15500 --- [payment-service] [           main] org.hibernate.Version                    : HHH000412: Hibernate ORM core version 6.6.29.Final
2025-10-18T16:28:31.020+07:00  INFO 15500 --- [payment-service] [           main] o.h.c.internal.RegionFactoryInitiator    : HHH000026: Second-level cache disabled
2025-10-18T16:28:31.768+07:00  INFO 15500 --- [payment-service] [           main] o.s.o.j.p.SpringPersistenceUnitInfo      : No LoadTimeWeaver setup: ignoring JPA class transformer
2025-10-18T16:28:32.034+07:00  INFO 15500 --- [payment-service] [           main] org.hibernate.orm.connections.pooling    : HHH10001005: Database info:
	Database JDBC URL [Connecting through datasource 'HikariDataSource (HikariPool-1)']
	Database driver: undefined/unknown
	Database version: 14.19
	Autocommit mode: undefined/unknown
	Isolation level: undefined/unknown
	Minimum pool size: undefined/unknown
	Maximum pool size: undefined/unknown
2025-10-18T16:28:32.743+07:00  INFO 15500 --- [payment-service] [           main] o.h.e.t.j.p.i.JtaPlatformInitiator       : HHH000489: No JTA platform available (set 'hibernate.transaction.jta.platform' to enable JTA platform integration)
2025-10-18T16:28:32.754+07:00  INFO 15500 --- [payment-service] [           main] j.LocalContainerEntityManagerFactoryBean : Initialized JPA EntityManagerFactory for persistence unit 'default'
2025-10-18T16:28:32.976+07:00  WARN 15500 --- [payment-service] [           main] JpaBaseConfiguration$JpaWebConfiguration : spring.jpa.open-in-view is enabled by default. Therefore, database queries may be performed during view rendering. Explicitly configure spring.jpa.open-in-view to disable this warning
2025-10-18T16:28:33.942+07:00  INFO 15500 --- [payment-service] [           main] c.s.p.PaymentServiceApplicationTests     : Started PaymentServiceApplicationTests in 6.914 seconds (process running for 8.965)
]]></system-out>
  </testcase>
</testsuite>